<?xml version="1.0" encoding="UTF-8" ?>
<testsuite errors="0" skipped="0" tests="36" time="0.778" failures="0" name="TestSuite">
  <properties>
    <property value="Java(TM) 2 Runtime Environment, Standard Edition" name="java.runtime.name"/>
    <property value="/System/Library/Frameworks/JavaVM.framework/Versions/1.5.0/Libraries" name="sun.boot.library.path"/>
    <property value="1.5.0_16-133" name="java.vm.version"/>
    <property value="true" name="awt.nativeDoubleBuffering"/>
    <property value="false" name="gopherProxySet"/>
    <property value="Apple Inc." name="java.vm.vendor"/>
    <property value="http://www.apple.com/" name="java.vendor.url"/>
    <property value=":" name="path.separator"/>
    <property value="Java HotSpot(TM) Client VM" name="java.vm.name"/>
    <property value="sun.io" name="file.encoding.pkg"/>
    <property value="US" name="user.country"/>
    <property value="SUN_STANDARD" name="sun.java.launcher"/>
    <property value="unknown" name="sun.os.patch.level"/>
    <property value="Java Virtual Machine Specification" name="java.vm.specification.name"/>
    <property value="/Users/iSolace/Documents/dev/workspace/sudoku-core" name="user.dir"/>
    <property value="1.5.0_16-b06-284" name="java.runtime.version"/>
    <property value="apple.awt.CGraphicsEnvironment" name="java.awt.graphicsenv"/>
    <property value="/Users/iSolace/Documents/dev/workspace/sudoku-core" name="basedir"/>
    <property value="/System/Library/Frameworks/JavaVM.framework/Versions/1.5.0/Home/lib/endorsed" name="java.endorsed.dirs"/>
    <property value="i386" name="os.arch"/>
    <property value="/tmp/surefirebooter31894.jar" name="surefire.real.class.path"/>
    <property value="/tmp" name="java.io.tmpdir"/>
    <property value="
" name="line.separator"/>
    <property value="Sun Microsystems Inc." name="java.vm.specification.vendor"/>
    <property value="Mac OS X" name="os.name"/>
    <property value="MacRoman" name="sun.jnu.encoding"/>
    <property value=".:/Library/Java/Extensions:/System/Library/Java/Extensions:/usr/lib/java" name="java.library.path"/>
    <property value="/Users/iSolace/Documents/dev/workspace/sudoku-core/target/classes:/Users/iSolace/Documents/dev/workspace/sudoku-core/target/test-classes:/.m2/repository/org/springframework/spring-core/2.5.2/spring-core-2.5.2.jar:/.m2/repository/aopalliance/aopalliance/1.0/aopalliance-1.0.jar:/.m2/repository/org/springframework/spring-aop/2.5.2/spring-aop-2.5.2.jar:/.m2/repository/commons-logging/commons-logging/1.1.1/commons-logging-1.1.1.jar:/.m2/repository/junit/junit/3.8.1/junit-3.8.1.jar:/.m2/repository/org/springframework/spring-context/2.5.2/spring-context-2.5.2.jar:/.m2/repository/org/testng/testng/5.1/testng-5.1-jdk15.jar:/.m2/repository/org/springframework/spring-test/2.5.2/spring-test-2.5.2.jar:/.m2/repository/org/springframework/spring-beans/2.5.2/spring-beans-2.5.2.jar:/.m2/repository/org/springframework/spring-context-support/2.5.2/spring-context-support-2.5.2.jar:" name="surefire.test.class.path"/>
    <property value="Java Platform API Specification" name="java.specification.name"/>
    <property value="49.0" name="java.class.version"/>
    <property value="HotSpot Client Compiler" name="sun.management.compiler"/>
    <property value="10.5.6" name="os.version"/>
    <property value="local|*.local|169.254/16|*.169.254/16" name="http.nonProxyHosts"/>
    <property value="/Users/iSolace" name="user.home"/>
    <property value="America/Los_Angeles" name="user.timezone"/>
    <property value="apple.awt.CPrinterJob" name="java.awt.printerjob"/>
    <property value="1.5" name="java.specification.version"/>
    <property value="MacRoman" name="file.encoding"/>
    <property value="iSolace" name="user.name"/>
    <property value="/Users/iSolace/Documents/dev/workspace/sudoku-core/target/classes:/Users/iSolace/Documents/dev/workspace/sudoku-core/target/test-classes:/.m2/repository/org/springframework/spring-core/2.5.2/spring-core-2.5.2.jar:/.m2/repository/aopalliance/aopalliance/1.0/aopalliance-1.0.jar:/.m2/repository/org/springframework/spring-aop/2.5.2/spring-aop-2.5.2.jar:/.m2/repository/commons-logging/commons-logging/1.1.1/commons-logging-1.1.1.jar:/.m2/repository/junit/junit/3.8.1/junit-3.8.1.jar:/.m2/repository/org/springframework/spring-context/2.5.2/spring-context-2.5.2.jar:/.m2/repository/org/testng/testng/5.1/testng-5.1-jdk15.jar:/.m2/repository/org/springframework/spring-test/2.5.2/spring-test-2.5.2.jar:/.m2/repository/org/springframework/spring-beans/2.5.2/spring-beans-2.5.2.jar:/.m2/repository/org/springframework/spring-context-support/2.5.2/spring-context-support-2.5.2.jar:" name="java.class.path"/>
    <property value="1.0" name="java.vm.specification.version"/>
    <property value="32" name="sun.arch.data.model"/>
    <property value="/System/Library/Frameworks/JavaVM.framework/Versions/1.5.0/Home" name="java.home"/>
    <property value="Sun Microsystems Inc." name="java.specification.vendor"/>
    <property value="en" name="user.language"/>
    <property value="apple.awt.CToolkit" name="awt.toolkit"/>
    <property value="mixed mode, sharing" name="java.vm.info"/>
    <property value="1.5.0_16" name="java.version"/>
    <property value="/Library/Java/Extensions:/System/Library/Java/Extensions:/System/Library/Frameworks/JavaVM.framework/Versions/1.5.0/Home/lib/ext" name="java.ext.dirs"/>
    <property value="/System/Library/Frameworks/JavaVM.framework/Versions/1.5.0/Classes/classes.jar:/System/Library/Frameworks/JavaVM.framework/Versions/1.5.0/Classes/ui.jar:/System/Library/Frameworks/JavaVM.framework/Versions/1.5.0/Classes/laf.jar:/System/Library/Frameworks/JavaVM.framework/Versions/1.5.0/Classes/sunrsasign.jar:/System/Library/Frameworks/JavaVM.framework/Versions/1.5.0/Classes/jsse.jar:/System/Library/Frameworks/JavaVM.framework/Versions/1.5.0/Classes/jce.jar:/System/Library/Frameworks/JavaVM.framework/Versions/1.5.0/Classes/charsets.jar" name="sun.boot.class.path"/>
    <property value="Apple Inc." name="java.vendor"/>
    <property value="/.m2/repository" name="localRepository"/>
    <property value="/" name="file.separator"/>
    <property value="http://bugreport.apple.com/" name="java.vendor.url.bug"/>
    <property value="little" name="sun.cpu.endian"/>
    <property value="UnicodeLittle" name="sun.io.unicode.encoding"/>
    <property value="1050.1.5.0_16-284" name="mrj.version"/>
    <property value="local|*.local|169.254/16|*.169.254/16" name="socksNonProxyHosts"/>
    <property value="local|*.local|169.254/16|*.169.254/16" name="ftp.nonProxyHosts"/>
    <property value="" name="sun.cpu.isalist"/>
  </properties>
  <testcase classname="com.isolace.sudoku.puzzle.data.test.PuzzleFileUtilTest" time="0.319" name="testWriteClasses"/>
  <testcase classname="com.isolace.sudoku.puzzle.data.test.PuzzleFileUtilTest" time="0.094" name="testReadPuzzlesFromFiles"/>
  <testcase classname="com.isolace.sudoku.puzzle.test.PuzzleUtilTest" time="0.097" name="testValidateSolutionNullProblem"/>
  <testcase classname="com.isolace.sudoku.puzzle.test.PuzzleUtilTest" time="0.002" name="testInCol0"/>
  <testcase classname="com.isolace.sudoku.puzzle.test.PuzzleUtilTest" time="0" name="testMatrixFromStringNullPuzzle"/>
  <testcase classname="com.isolace.sudoku.puzzle.test.PuzzleUtilTest" time="0" name="testNotInCol0"/>
  <testcase classname="com.isolace.sudoku.puzzle.test.PuzzleUtilTest" time="0" name="testNotInGrid4"/>
  <testcase classname="com.isolace.sudoku.puzzle.test.PuzzleUtilTest" time="0" name="testInCol8"/>
  <testcase classname="com.isolace.sudoku.puzzle.test.PuzzleUtilTest" time="0" name="testValidGuess9"/>
  <testcase classname="com.isolace.sudoku.puzzle.test.PuzzleUtilTest" time="0" name="testInRow0"/>
  <testcase classname="com.isolace.sudoku.puzzle.test.PuzzleUtilTest" time="0.001" name="testValidateSolution"/>
  <testcase classname="com.isolace.sudoku.puzzle.test.PuzzleUtilTest" time="0" name="testValidateSolutionNullSolution"/>
  <testcase classname="com.isolace.sudoku.puzzle.test.PuzzleUtilTest" time="0" name="testSolutionMatrixFromString"/>
  <testcase classname="com.isolace.sudoku.puzzle.test.PuzzleUtilTest" time="0" name="testInGrid0"/>
  <testcase classname="com.isolace.sudoku.puzzle.test.PuzzleUtilTest" time="0" name="testNotInRow4"/>
  <testcase classname="com.isolace.sudoku.puzzle.test.PuzzleUtilTest" time="0.001" name="testNotInRow8"/>
  <testcase classname="com.isolace.sudoku.puzzle.test.PuzzleUtilTest" time="0" name="testValidateSolutionMatrix"/>
  <testcase classname="com.isolace.sudoku.puzzle.test.PuzzleUtilTest" time="0" name="testInGrid8"/>
  <testcase classname="com.isolace.sudoku.puzzle.test.PuzzleUtilTest" time="0" name="testMatrixFromStringLengthException"/>
  <testcase classname="com.isolace.sudoku.puzzle.test.PuzzleUtilTest" time="0" name="testSolutionMatrixToString"/>
  <testcase classname="com.isolace.sudoku.puzzle.test.PuzzleUtilTest" time="0" name="testValidGuess62"/>
  <testcase classname="com.isolace.sudoku.puzzle.test.PuzzleUtilTest" time="0" name="testNotInCol8"/>
  <testcase classname="com.isolace.sudoku.puzzle.test.PuzzleUtilTest" time="0" name="testNotInRow0"/>
  <testcase classname="com.isolace.sudoku.puzzle.test.PuzzleUtilTest" time="0" name="testInCol4"/>
  <testcase classname="com.isolace.sudoku.puzzle.test.PuzzleUtilTest" time="0" name="testInGrid4"/>
  <testcase classname="com.isolace.sudoku.puzzle.test.PuzzleUtilTest" time="0" name="testValidateNullSolutionMatrix"/>
  <testcase classname="com.isolace.sudoku.puzzle.test.PuzzleUtilTest" time="0" name="testNotValidGuess62"/>
  <testcase classname="com.isolace.sudoku.puzzle.test.PuzzleUtilTest" time="0" name="testValidGuess42"/>
  <testcase classname="com.isolace.sudoku.puzzle.test.PuzzleUtilTest" time="0" name="testNotValidGuess9"/>
  <testcase classname="com.isolace.sudoku.puzzle.test.PuzzleUtilTest" time="0" name="testNotInGrid8"/>
  <testcase classname="com.isolace.sudoku.puzzle.test.PuzzleUtilTest" time="0" name="testInRow4"/>
  <testcase classname="com.isolace.sudoku.puzzle.test.PuzzleUtilTest" time="0" name="testNotInGrid0"/>
  <testcase classname="com.isolace.sudoku.puzzle.test.PuzzleUtilTest" time="0" name="testNotValidGuess40"/>
  <testcase classname="com.isolace.sudoku.puzzle.test.PuzzleUtilTest" time="0" name="testNotInCol4"/>
  <testcase classname="com.isolace.sudoku.puzzle.test.PuzzleUtilTest" time="0" name="testValidatePuzzleNonUnique"/>
  <testcase classname="com.isolace.sudoku.puzzle.test.PuzzleUtilTest" time="0" name="testInRow8"/>
</testsuite>