<?xml version="1.0" encoding="UTF-8" ?>
<testsuite failures="0" time="4.505" errors="0" skipped="0" tests="9" name="TestSuite">
  <properties>
    <property name="java.vendor" value="Apple Inc."/>
    <property name="localRepository" value="/Users/iSolace/.m2/repository"/>
    <property name="sun.java.launcher" value="SUN_STANDARD"/>
    <property name="sun.management.compiler" value="HotSpot 64-Bit Server Compiler"/>
    <property name="env.SECURITYSESSIONID" value="b2f0a0"/>
    <property name="os.name" value="Mac OS X"/>
    <property name="sun.boot.class.path" value="/System/Library/Frameworks/JavaVM.framework/Versions/1.6.0/Classes/jsfd.jar:/System/Library/Frameworks/JavaVM.framework/Versions/1.6.0/Classes/classes.jar:/System/Library/Frameworks/JavaVM.framework/Frameworks/JavaRuntimeSupport.framework/Resources/Java/JavaRuntimeSupport.jar:/System/Library/Frameworks/JavaVM.framework/Versions/1.6.0/Classes/ui.jar:/System/Library/Frameworks/JavaVM.framework/Versions/1.6.0/Classes/laf.jar:/System/Library/Frameworks/JavaVM.framework/Versions/1.6.0/Classes/sunrsasign.jar:/System/Library/Frameworks/JavaVM.framework/Versions/1.6.0/Classes/jsse.jar:/System/Library/Frameworks/JavaVM.framework/Versions/1.6.0/Classes/jce.jar:/System/Library/Frameworks/JavaVM.framework/Versions/1.6.0/Classes/charsets.jar"/>
    <property name="env.TMPDIR" value="/var/folders/Cj/Cj0S2srdFnuqJWdfHU7GNU+++TI/-Tmp-/"/>
    <property name="java.vm.specification.vendor" value="Sun Microsystems Inc."/>
    <property name="java.runtime.version" value="1.6.0_13-b03-211"/>
    <property name="env.Apple_PubSub_Socket_Render" value="/tmp/launch-zW4OXW/Render"/>
    <property name="env.DISPLAY" value="/tmp/launch-UFlLTJ/:0"/>
    <property name="user.name" value="iSolace"/>
    <property name="env.USER" value="iSolace"/>
    <property name="env.SHELL" value="/bin/bash"/>
    <property name="env.__CF_USER_TEXT_ENCODING" value="0x1F5:0:0"/>
    <property name="awt.nativeDoubleBuffering" value="true"/>
    <property name="env.PATH" value="/usr/bin:/bin:/usr/sbin:/sbin"/>
    <property name="user.language" value="en"/>
    <property name="env.APP_ICON_53597" value="../Resources/Eclipse.icns"/>
    <property name="sun.boot.library.path" value="/System/Library/Frameworks/JavaVM.framework/Versions/1.6.0/Libraries"/>
    <property name="classworlds.conf" value="/Users/iSolace/Documents/isolace-dev/.metadata/.plugins/org.maven.ide.eclipse/launches/m2conf8338454770905468026.tmp"/>
    <property name="java.version" value="1.6.0_13"/>
    <property name="env.JAVA_STARTED_ON_FIRST_THREAD_53597" value="1"/>
    <property name="user.timezone" value="America/Los_Angeles"/>
    <property name="sun.arch.data.model" value="64"/>
    <property name="http.nonProxyHosts" value="local|*.local|169.254/16|*.169.254/16"/>
    <property name="java.endorsed.dirs" value="/System/Library/Frameworks/JavaVM.framework/Versions/1.6.0/Home/lib/endorsed"/>
    <property name="sun.cpu.isalist" value=""/>
    <property name="sun.jnu.encoding" value="MacRoman"/>
    <property name="file.encoding.pkg" value="sun.io"/>
    <property name="file.separator" value="/"/>
    <property name="java.specification.name" value="Java Platform API Specification"/>
    <property name="java.class.version" value="50.0"/>
    <property name="user.country" value="US"/>
    <property name="java.home" value="/System/Library/Frameworks/JavaVM.framework/Versions/1.6.0/Home"/>
    <property name="java.vm.info" value="mixed mode"/>
    <property name="env.LOGNAME" value="iSolace"/>
    <property name="os.version" value="10.5.7"/>
    <property name="path.separator" value=":"/>
    <property name="java.vm.version" value="11.3-b02-83"/>
    <property name="java.awt.printerjob" value="apple.awt.CPrinterJob"/>
    <property name="sun.io.unicode.encoding" value="UnicodeLittle"/>
    <property name="awt.toolkit" value="apple.awt.CToolkit"/>
    <property name="socksNonProxyHosts" value="local|*.local|169.254/16|*.169.254/16"/>
    <property name="ftp.nonProxyHosts" value="local|*.local|169.254/16|*.169.254/16"/>
    <property name="user.home" value="/Users/iSolace"/>
    <property name="java.specification.vendor" value="Sun Microsystems Inc."/>
    <property name="java.library.path" value=".:/Library/Java/Extensions:/System/Library/Java/Extensions:/usr/lib/java"/>
    <property name="java.vendor.url" value="http://www.apple.com/"/>
    <property name="java.vm.vendor" value="Apple Inc."/>
    <property name="gopherProxySet" value="false"/>
    <property name="maven.home" value="EMBEDDED"/>
    <property name="java.runtime.name" value="Java(TM) SE Runtime Environment"/>
    <property name="java.class.path" value="/Developer/Applications/eclipse-3.5/plugins/org.maven.ide.components.maven_embedder_2.1.0.20080530-2300/jars/plexus-classworlds-1.2-alpha-12.jar"/>
    <property name="env.JAVA_MAIN_CLASS_62117" value="org.codehaus.classworlds.Launcher"/>
    <property name="java.vm.specification.name" value="Java Virtual Machine Specification"/>
    <property name="java.vm.specification.version" value="1.0"/>
    <property name="sun.cpu.endian" value="little"/>
    <property name="sun.os.patch.level" value="unknown"/>
    <property name="env.HOME" value="/Users/iSolace"/>
    <property name="surefire.test.class.path" value="/Users/iSolace/Documents/isolace-dev/isolace-sudoku-server/target/test-classes:/Users/iSolace/Documents/isolace-dev/isolace-sudoku-server/target/classes:/Users/iSolace/.m2/repository/org/springframework/org.springframework.core/3.0.0.M4/org.springframework.core-3.0.0.M4.jar:/Users/iSolace/.m2/repository/org/apache/commons/com.springsource.org.apache.commons.logging/1.1.1/com.springsource.org.apache.commons.logging-1.1.1.jar:/Users/iSolace/.m2/repository/org/testng/testng/5.8/testng-5.8-jdk15.jar:"/>
    <property name="java.io.tmpdir" value="/var/folders/Cj/Cj0S2srdFnuqJWdfHU7GNU+++TI/-Tmp-/"/>
    <property name="java.vendor.url.bug" value="http://bugreport.apple.com/"/>
    <property name="env.SSH_AUTH_SOCK" value="/tmp/launch-XDhjGY/Listeners"/>
    <property name="env.COMMAND_MODE" value="unix2003"/>
    <property name="os.arch" value="x86_64"/>
    <property name="java.awt.graphicsenv" value="apple.awt.CGraphicsEnvironment"/>
    <property name="java.ext.dirs" value="/Library/Java/Extensions:/System/Library/Java/Extensions:/System/Library/Frameworks/JavaVM.framework/Versions/1.6.0/Home/lib/ext"/>
    <property name="mrj.version" value="1050.1.6.0_13-211"/>
    <property name="user.dir" value="/Users/iSolace/Documents/isolace-dev/isolace-sudoku-server"/>
    <property name="line.separator" value="
"/>
    <property name="java.vm.name" value="Java HotSpot(TM) 64-Bit Server VM"/>
    <property name="env.APP_ICON_53261" value="../Resources/Eclipse.icns"/>
    <property name="basedir" value="/Users/iSolace/Documents/isolace-dev/isolace-sudoku-server"/>
    <property name="maven.mode.standalone" value="true"/>
    <property name="env.JAVA_STARTED_ON_FIRST_THREAD_53261" value="1"/>
    <property name="file.encoding" value="MacRoman"/>
    <property name="java.specification.version" value="1.6"/>
  </properties>
  <testcase time="3.465" classname="com.isolace.sudoku.server.test.PuzzleDaoTest" name="testValidPuzzleDao"/>
  <testcase time="0.124" classname="com.isolace.sudoku.server.test.PuzzleDaoTest" name="testGetNumPuzzles"/>
  <testcase time="0" classname="com.isolace.sudoku.server.test.PuzzleGenerationTest" name="testValidPuzzle"/>
  <testcase time="0" classname="com.isolace.sudoku.server.test.PuzzleGenerationTest" name="testInvalidPuzzle"/>
  <testcase time="0.001" classname="com.isolace.sudoku.server.test.PuzzleGenerationTest" name="testValidGridCandidate"/>
  <testcase time="0.001" classname="com.isolace.sudoku.server.test.PuzzleGenerationTest" name="testValidGridCandidateFail"/>
  <testcase time="0.008" classname="com.isolace.sudoku.server.test.PuzzleMaskGenerationTest" name="testValidPuzzleDao"/>
  <testcase time="0.034" classname="com.isolace.sudoku.server.test.PuzzleSolverTest" name="testSolver"/>
  <testcase time="0.036" classname="com.isolace.sudoku.server.test.PuzzleTest" name="testJSON"/>
</testsuite>